11:16:31 **** Incremental Build of configuration Nios II for project tcp ****
make all 
Info: Building ../tcp_bsp/
C:/intelFPGA_lite/17.1/nios2eds/bin/gnu/H-x86_64-mingw32/bin/make --no-print-directory -C ../tcp_bsp/
[BSP build complete]
Info: Compiling src/functions.c to obj/default/src/functions.o
nios2-elf-gcc -xc -MP -MMD -c -I../tcp_bsp//drivers/inc -I../tcp_bsp//HAL/inc -I../tcp_bsp/ -I../tcp_bsp//drivers/inc  -pipe -D__hal__ -DALT_NO_INSTRUCTION_EMULATION -DALTERA_TRIPLE_SPEED_MAC -DALT_SINGLE_THREADED -DALTERA_AUTONEG_TIMEOUT_THRESHOLD=2500 -DALTERA_CHECKLINK_TIMEOUT_THRESHOLD=10000 -DALTERA_NOMDIO_TIMEOUT_THRESHOLD=1000000    -O0 -g -Wall   -mno-hw-div -mhw-mul -mno-hw-mulx -mgpopt=global  -o obj/default/src/functions.o src/functions.c
src/functions.c: In function 'transmit':
src/functions.c:103:6: warning: unused variable 'i' [-Wunused-variable]
  int i = 17;
      ^
src/functions.c: In function 'receive':
src/functions.c:209:9: warning: pointer targets in return differ in signedness [-Wpointer-sign]
  return rx_frame;
         ^
src/functions.c: In function 'rx_ethernet_isr':
src/functions.c:223:3: warning: implicit declaration of function 'alt_dcache_flush_all' [-Wimplicit-function-declaration]
   alt_dcache_flush_all();
   ^
src/functions.c: In function 'tx_ethernet_isr':
src/functions.c:260:9: warning: unknown conversion type character 0xa in format [-Wformat=]
  printf("Source Port: %d%d%\n Destination Port: %d%d%\n ", tx_frame[24], tx_frame[25], tx_frame[26], tx_frame[27]);
         ^
src/functions.c:260:9: warning: unknown conversion type character 0xa in format [-Wformat=]
src/functions.c:260:9: warning: unknown conversion type character 0xa in format [-Wformat=]
src/functions.c:260:9: warning: unknown conversion type character 0xa in format [-Wformat=]
src/functions.c:261:9: warning: unknown conversion type character 0xa in format [-Wformat=]
  printf("SYN: %x FIN: %x%\n Seq: %x Ack: %x%\n ", tx_frame[28], tx_frame[29], tx_frame[30], tx_frame[31]);
         ^
src/functions.c:261:9: warning: unknown conversion type character 0xa in format [-Wformat=]
src/functions.c:261:9: warning: unknown conversion type character 0xa in format [-Wformat=]
src/functions.c:261:9: warning: unknown conversion type character 0xa in format [-Wformat=]
src/functions.c:262:9: warning: unknown conversion type character 0xa in format [-Wformat=]
  printf("Data: %x%\n ", tx_frame[32]);
         ^
src/functions.c:262:9: warning: unknown conversion type character 0xa in format [-Wformat=]
Info: Compiling src/main.c to obj/default/src/main.o
nios2-elf-gcc -xc -MP -MMD -c -I../tcp_bsp//drivers/inc -I../tcp_bsp//HAL/inc -I../tcp_bsp/ -I../tcp_bsp//drivers/inc  -pipe -D__hal__ -DALT_NO_INSTRUCTION_EMULATION -DALTERA_TRIPLE_SPEED_MAC -DALT_SINGLE_THREADED -DALTERA_AUTONEG_TIMEOUT_THRESHOLD=2500 -DALTERA_CHECKLINK_TIMEOUT_THRESHOLD=10000 -DALTERA_NOMDIO_TIMEOUT_THRESHOLD=1000000    -O0 -g -Wall   -mno-hw-div -mhw-mul -mno-hw-mulx -mgpopt=global  -o obj/default/src/main.o src/main.c
src/main.c: In function 'send':
src/main.c:92:17: warning: pointer targets in assignment differ in signedness [-Wpointer-sign]
  receivedBuffer = receive(device);
                 ^
src/main.c: In function 'accept':
src/main.c:115:10: warning: pointer targets in assignment differ in signedness [-Wpointer-sign]
  request = receive(device);
          ^
src/main.c:137:6: warning: pointer targets in assignment differ in signedness [-Wpointer-sign]
  ack = receive(device);
      ^
src/main.c: In function 'recv':
src/main.c:151:11: warning: pointer targets in assignment differ in signedness [-Wpointer-sign]
  recvData = receive(device);
           ^
src/main.c:158:10: warning: format '%x' expects argument of type 'unsigned int', but argument 2 has type 'unsigned char *' [-Wformat=]
   printf("Data Received: %x\n",recvData+32);
          ^
src/main.c:158:10: warning: format '%x' expects argument of type 'unsigned int', but argument 2 has type 'unsigned char *' [-Wformat=]
src/main.c: In function 'disconnect':
src/main.c:180:14: warning: pointer targets in assignment differ in signedness [-Wpointer-sign]
  discon_temp = receive(device);
              ^
src/main.c: In function 'recDisconnect':
src/main.c:192:7: warning: pointer targets in assignment differ in signedness [-Wpointer-sign]
  dreq = receive(device);
       ^
src/main.c: In function 'main':
src/main.c:206:26: warning: implicit declaration of function 'malloc' [-Wimplicit-function-declaration]
   pack = (struct packet*)malloc(sizeof(struct packet));
                          ^
src/main.c:206:26: warning: incompatible implicit declaration of built-in function 'malloc'
src/main.c:206:26: note: include '<stdlib.h>' or provide a declaration of 'malloc'
src/main.c: In function 'send':
src/main.c:108:1: warning: control reaches end of non-void function [-Wreturn-type]
 }
 ^
src/main.c: In function 'recv':
src/main.c:165:1: warning: control reaches end of non-void function [-Wreturn-type]
 }
 ^
src/main.c: In function 'disconnect':
src/main.c:187:1: warning: control reaches end of non-void function [-Wreturn-type]
 }
 ^
src/main.c: In function 'recDisconnect':
src/main.c:199:1: warning: control reaches end of non-void function [-Wreturn-type]
 }
 ^
Info: Linking tcp.elf
nios2-elf-g++  -T'../tcp_bsp//linker.x' -msys-crt0='../tcp_bsp//obj/HAL/src/crt0.o' -msys-lib=hal_bsp -L../tcp_bsp/   -Wl,-Map=tcp.map   -O0 -g -Wall   -mno-hw-div -mhw-mul -mno-hw-mulx -mgpopt=global  -o tcp.elf obj/default/src/functions.o obj/default/src/main.o -lm -msys-lib=m
nios2-elf-insert tcp.elf --thread_model hal --cpu_name nios2 --qsys true --simulation_enabled false --stderr_dev jtag_uart --stdin_dev jtag_uart --stdout_dev jtag_uart --sopc_system_name final_tcp_hw --quartus_project_dir "C:/Users/tucke/Documents/GitHub/tcp-ip" --jdi ../..//output_files/final_project.jdi --sopcinfo C:/Users/tucke/Documents/GitHub/tcp-ip/software/tcp_bsp/../../final_tcp_hw.sopcinfo
Info: (tcp.elf) 82 KBytes program size (code + initialized data).
Info:           209 KBytes free for stack + heap.
Info: Creating tcp.objdump
nios2-elf-objdump --disassemble --syms --all-header --source tcp.elf >tcp.objdump
[tcp build complete]
11:16:34 **** Build of configuration Nios II for project tcp ****
make all 
Info: Building ../tcp_bsp/
C:/intelFPGA_lite/17.1/nios2eds/bin/gnu/H-x86_64-mingw32/bin/make --no-print-directory -C ../tcp_bsp/
[BSP build complete]
[tcp build complete]
11:16:37 **** Incremental Build of configuration Nios II for project tcp ****
make all 
Info: Building ../tcp_bsp/
C:/intelFPGA_lite/17.1/nios2eds/bin/gnu/H-x86_64-mingw32/bin/make --no-print-directory -C ../tcp_bsp/
[BSP build complete]
[tcp build complete]
