Flow report for final_project
Thu Apr 23 13:53:04 2020
Quartus Prime Version 17.1.0 Build 590 10/25/2017 SJ Lite Edition


---------------------
; Table of Contents ;
---------------------
  1. Legal Notice
  2. Flow Summary
  3. Flow Settings
  4. Flow Non-Default Global Settings
  5. Flow Elapsed Time
  6. Flow OS Summary
  7. Flow Log
  8. Flow Messages
  9. Flow Suppressed Messages



----------------
; Legal Notice ;
----------------
Copyright (C) 2017  Intel Corporation. All rights reserved.
Your use of Intel Corporation's design tools, logic functions 
and other software and tools, and its AMPP partner logic 
functions, and any output files from any of the foregoing 
(including device programming or simulation files), and any 
associated documentation or information are expressly subject 
to the terms and conditions of the Intel Program License 
Subscription Agreement, the Intel Quartus Prime License Agreement,
the Intel FPGA IP License Agreement, or other applicable license
agreement, including, without limitation, that your use is for
the sole purpose of programming logic devices manufactured by
Intel and sold by Intel or its authorized distributors.  Please
refer to the applicable agreement for further details.



+----------------------------------------------------------------------------------+
; Flow Summary                                                                     ;
+------------------------------------+---------------------------------------------+
; Flow Status                        ; Successful - Thu Apr 23 13:52:52 2020       ;
; Quartus Prime Version              ; 17.1.0 Build 590 10/25/2017 SJ Lite Edition ;
; Revision Name                      ; final_project                               ;
; Top-level Entity Name              ; final_project                               ;
; Family                             ; Cyclone IV E                                ;
; Device                             ; EP4CE115F29C7                               ;
; Timing Models                      ; Final                                       ;
; Total logic elements               ; 10,500 / 114,480 ( 9 % )                    ;
;     Total combinational functions  ; 7,958 / 114,480 ( 7 % )                     ;
;     Dedicated logic registers      ; 7,323 / 114,480 ( 6 % )                     ;
; Total registers                    ; 7335                                        ;
; Total pins                         ; 19 / 529 ( 4 % )                            ;
; Total virtual pins                 ; 0                                           ;
; Total memory bits                  ; 2,709,766 / 3,981,312 ( 68 % )              ;
; Embedded Multiplier 9-bit elements ; 6 / 532 ( 1 % )                             ;
; Total PLLs                         ; 2 / 4 ( 50 % )                              ;
+------------------------------------+---------------------------------------------+


+-----------------------------------------+
; Flow Settings                           ;
+-------------------+---------------------+
; Option            ; Setting             ;
+-------------------+---------------------+
; Start date & time ; 04/23/2020 13:49:13 ;
; Main task         ; Compilation         ;
; Revision Name     ; final_project       ;
+-------------------+---------------------+


+------------------------------------------------------------------------------------------------------------------------------------------------------+
; Flow Non-Default Global Settings                                                                                                                     ;
+-------------------------------------+----------------------------------------------------------------+---------------+--------------+----------------+
; Assignment Name                     ; Value                                                          ; Default Value ; Entity Name  ; Section Id     ;
+-------------------------------------+----------------------------------------------------------------+---------------+--------------+----------------+
; COMPILER_SIGNATURE_ID               ; 167300355669902.158767495310592                                ; --            ; --           ; --             ;
; EDA_OUTPUT_DATA_FORMAT              ; None                                                           ; --            ; --           ; eda_simulation ;
; EDA_TIME_SCALE                      ; 1 ps                                                           ; --            ; --           ; eda_simulation ;
; MAX_CORE_JUNCTION_TEMP              ; 85                                                             ; --            ; --           ; --             ;
; MIN_CORE_JUNCTION_TEMP              ; 0                                                              ; --            ; --           ; --             ;
; MISC_FILE                           ; final_tcp_hw/synthesis/../final_tcp_hw.cmp                     ; --            ; --           ; --             ;
; MISC_FILE                           ; final_tcp_hw/synthesis/../../final_tcp_hw.qsys                 ; --            ; --           ; --             ;
; MISC_FILE                           ; my_pll.ppf                                                     ; --            ; --           ; --             ;
; MISC_FILE                           ; my_pll_90.ppf                                                  ; --            ; --           ; --             ;
; MISC_FILE                           ; my_ddio_out.ppf                                                ; --            ; --           ; --             ;
; OUTPUT_IO_TIMING_FAR_END_VMEAS      ; Half Signal Swing                                              ; --            ; --           ; --             ;
; OUTPUT_IO_TIMING_FAR_END_VMEAS      ; Half Signal Swing                                              ; --            ; --           ; --             ;
; OUTPUT_IO_TIMING_NEAR_END_VMEAS     ; Half Vccio                                                     ; --            ; --           ; --             ;
; OUTPUT_IO_TIMING_NEAR_END_VMEAS     ; Half Vccio                                                     ; --            ; --           ; --             ;
; PARTITION_COLOR                     ; -- (Not supported for targeted family)                         ; --            ; --           ; Top            ;
; PARTITION_FITTER_PRESERVATION_LEVEL ; -- (Not supported for targeted family)                         ; --            ; --           ; Top            ;
; PARTITION_NETLIST_TYPE              ; -- (Not supported for targeted family)                         ; --            ; --           ; Top            ;
; POWER_BOARD_THERMAL_MODEL           ; None (CONSERVATIVE)                                            ; --            ; --           ; --             ;
; POWER_PRESET_COOLING_SOLUTION       ; 23 MM HEAT SINK WITH 200 LFPM AIRFLOW                          ; --            ; --           ; --             ;
; PROJECT_OUTPUT_DIRECTORY            ; output_files                                                   ; --            ; --           ; --             ;
; SLD_FILE                            ; final_tcp_hw/synthesis/final_tcp_hw.regmap                     ; --            ; --           ; --             ;
; SLD_FILE                            ; final_tcp_hw/synthesis/final_tcp_hw.debuginfo                  ; --            ; --           ; --             ;
; SLD_INFO                            ; QSYS_NAME final_tcp_hw HAS_SOPCINFO 1 GENERATION_ID 1587673841 ; --            ; final_tcp_hw ; --             ;
; SOPCINFO_FILE                       ; final_tcp_hw/synthesis/../../final_tcp_hw.sopcinfo             ; --            ; --           ; --             ;
; SYNTHESIS_ONLY_QIP                  ; On                                                             ; --            ; --           ; --             ;
+-------------------------------------+----------------------------------------------------------------+---------------+--------------+----------------+


+-------------------------------------------------------------------------------------------------------------------------------+
; Flow Elapsed Time                                                                                                             ;
+---------------------------+--------------+-------------------------+---------------------+------------------------------------+
; Module Name               ; Elapsed Time ; Average Processors Used ; Peak Virtual Memory ; Total CPU Time (on all processors) ;
+---------------------------+--------------+-------------------------+---------------------+------------------------------------+
; Analysis & Synthesis      ; 00:01:59     ; 1.0                     ; 5135 MB             ; 00:02:13                           ;
; Fitter                    ; 00:01:14     ; 1.2                     ; 6190 MB             ; 00:02:23                           ;
; Assembler                 ; 00:00:06     ; 1.0                     ; 4757 MB             ; 00:00:06                           ;
; TimeQuest Timing Analyzer ; 00:00:11     ; 1.6                     ; 5049 MB             ; 00:00:14                           ;
; Total                     ; 00:03:30     ; --                      ; --                  ; 00:04:56                           ;
+---------------------------+--------------+-------------------------+---------------------+------------------------------------+


+-----------------------------------------------------------------------------------------+
; Flow OS Summary                                                                         ;
+---------------------------+------------------+------------+------------+----------------+
; Module Name               ; Machine Hostname ; OS Name    ; OS Version ; Processor type ;
+---------------------------+------------------+------------+------------+----------------+
; Analysis & Synthesis      ; Tuckers-Acer     ; Windows 10 ; 10.0       ; x86_64         ;
; Fitter                    ; Tuckers-Acer     ; Windows 10 ; 10.0       ; x86_64         ;
; Assembler                 ; Tuckers-Acer     ; Windows 10 ; 10.0       ; x86_64         ;
; TimeQuest Timing Analyzer ; Tuckers-Acer     ; Windows 10 ; 10.0       ; x86_64         ;
+---------------------------+------------------+------------+------------+----------------+


------------
; Flow Log ;
------------
quartus_map --read_settings_files=on --write_settings_files=off final_project -c final_project
quartus_fit --read_settings_files=off --write_settings_files=off final_project -c final_project
quartus_asm --read_settings_files=off --write_settings_files=off final_project -c final_project
quartus_sta final_project -c final_project



